<?xml version="1.0" encoding="UTF-8"?>
<testng-results skipped="0" failed="0" ignored="0" total="1" passed="1">
  <reporter-output>
  </reporter-output>
  <suite name="Command line suite" duration-ms="33517" started-at="2022-08-17T11:08:16Z" finished-at="2022-08-17T11:08:50Z">
    <groups>
    </groups>
    <test name="Command line test" duration-ms="33517" started-at="2022-08-17T11:08:16Z" finished-at="2022-08-17T11:08:50Z">
      <class name="org.test.Test1">
        <test-method status="PASS" signature="verifydocumentsFunctionality()[pri:0, instance:org.test.Test1@60addb54]" name="verifydocumentsFunctionality" duration-ms="33474" started-at="2022-08-17T11:08:17Z" finished-at="2022-08-17T11:08:50Z">
          <reporter-output>
          </reporter-output>
        </test-method> <!-- verifydocumentsFunctionality -->
      </class> <!-- org.test.Test1 -->
    </test> <!-- Command line test -->
  </suite> <!-- Command line suite -->
</testng-results>
